<?xml version="1.0" encoding="UTF-8"?>
<robot generator="Robot 7.0 (Python 3.12.3 on win32)" generated="2024-05-16T14:21:21.711585" rpa="false" schemaversion="5">
<suite id="s1" name="lumateTest" source="C:\Users\Kalpesh\PycharmProjects\LUMATE-AUTOMATION_POC\TestCases\lumateTest.robot">
<test id="s1-t1" name="Verify that the user is able to Log in to the Portal with correct credentials" line="19">
<kw name="Open PMS url on browser" owner="lumate1Resource">
<kw name="Open Browser" owner="SeleniumLibrary">
<msg time="2024-05-16T14:21:22.028336" level="INFO">Opening browser 'chrome' to base url 'https://qa-pms.lumatehealth.com/'.</msg>
<arg>url=${PMS_URL}</arg>
  <arg></arg>
<arg>browser=${Browser}</arg>
<doc>Opens a new browser instance to the optional ``url``.</doc>
<status status="PASS" start="2024-05-16T14:21:22.028336" elapsed="2.851691"/>
</kw>
<kw name="Maximize Browser Window" owner="SeleniumLibrary">
<doc>Maximizes current browser window.</doc>
<status status="PASS" start="2024-05-16T14:21:24.881050" elapsed="0.068725"/>
</kw>
<kw name="Wait Until Element Is Visible" owner="SeleniumLibrary">
<arg>${LOGIN_PAGE_PMS}</arg>
<arg>15s</arg>
<doc>Waits until the element ``locator`` is visible.</doc>
<status status="PASS" start="2024-05-16T14:21:24.949775" elapsed="2.981213"/>
</kw>
<status status="PASS" start="2024-05-16T14:21:22.028336" elapsed="5.902652"/>
</kw>
<kw name="Fill the credentials and login" owner="lumate1Resource">
<kw name="Wait Until Element Is Visible" owner="SeleniumLibrary">
<arg>${USERNAME_PATH_PMS}</arg>
<arg>15s</arg>
<doc>Waits until the element ``locator`` is visible.</doc>
<status status="PASS" start="2024-05-16T14:21:27.930988" elapsed="0.098739"/>
</kw>
<kw name="Input Text" owner="SeleniumLibrary">
<msg time="2024-05-16T14:21:28.029727" level="INFO">Typing text 'kalpesh' into text field 'xpath://*[@id="mat-input-0"]'.</msg>
<arg>${USERNAME_PATH_PMS}</arg>
<arg>${USERNAME_PMS}</arg>
<doc>Types the given ``text`` into the text field identified by ``locator``.</doc>
<status status="PASS" start="2024-05-16T14:21:28.029727" elapsed="0.115099"/>
</kw>
<kw name="Input Password" owner="SeleniumLibrary">
<msg time="2024-05-16T14:21:28.145559" level="INFO">Typing password into text field 'xpath://*[@id="mat-input-1"]'.</msg>
<msg time="2024-05-16T14:21:28.174021" level="INFO">Temporally setting log level to: NONE</msg>
<arg>${PASSWORD_PATH_PMS}</arg>
<arg>${PASSWORD_PMS}</arg>
<doc>Types the given password into the text field identified by ``locator``.</doc>
<status status="PASS" start="2024-05-16T14:21:28.145375" elapsed="0.080278"/>
</kw>
<kw name="Wait Until Element Is Visible" owner="SeleniumLibrary">
<arg>${REMEMBER_ME_PMS}</arg>
<arg>15s</arg>
<doc>Waits until the element ``locator`` is visible.</doc>
<status status="PASS" start="2024-05-16T14:21:28.225653" elapsed="0.018956"/>
</kw>
<kw name="Click Element" owner="SeleniumLibrary">
<msg time="2024-05-16T14:21:28.244609" level="INFO">Clicking element 'xpath://*[@class="check remember-check"]'.</msg>
<arg>${REMEMBER_ME_PMS}</arg>
<doc>Click the element identified by ``locator``.</doc>
<status status="PASS" start="2024-05-16T14:21:28.244609" elapsed="0.046066"/>
</kw>
<kw name="Click Button" owner="SeleniumLibrary">
<msg time="2024-05-16T14:21:28.290675" level="INFO">Clicking button 'xpath://*[@class="mat-focus-indicator auth-form-btn mat-raised-button mat-button-base mat-primary"]'.</msg>
<arg>${LOGIN_BTN_PMS}</arg>
<doc>Clicks the button identified by ``locator``.</doc>
<status status="PASS" start="2024-05-16T14:21:28.290675" elapsed="0.058411"/>
</kw>
<status status="PASS" start="2024-05-16T14:21:27.930988" elapsed="0.418098"/>
</kw>
<kw name="Close Browser" owner="SeleniumLibrary" type="TEARDOWN">
<doc>Closes the current browser.</doc>
<status status="PASS" start="2024-05-16T14:21:28.349086" elapsed="2.666758"/>
</kw>
<tag>TC-PMS-001</tag>
<status status="PASS" start="2024-05-16T14:21:22.028336" elapsed="8.987508"/>
</test>
<test id="s1-t2" name="Verify that the user gets redirected to enter OTP page when entered the correct credentials." line="25">
<kw name="Open PMS url on browser" owner="lumate1Resource">
<kw name="Open Browser" owner="SeleniumLibrary">
<msg time="2024-05-16T14:21:31.016756" level="INFO">Opening browser 'chrome' to base url 'https://qa-pms.lumatehealth.com/'.</msg>
<arg>url=${PMS_URL}</arg>
<arg>browser=${Browser}</arg>
<doc>Opens a new browser instance to the optional ``url``.</doc>
<status status="PASS" start="2024-05-16T14:21:31.016756" elapsed="2.579544"/>
</kw>
<kw name="Maximize Browser Window" owner="SeleniumLibrary">
<doc>Maximizes current browser window.</doc>
<status status="PASS" start="2024-05-16T14:21:33.596300" elapsed="0.053585"/>
</kw>
<kw name="Wait Until Element Is Visible" owner="SeleniumLibrary">
<arg>${LOGIN_PAGE_PMS}</arg>
<arg>15s</arg>
<doc>Waits until the element ``locator`` is visible.</doc>
<status status="PASS" start="2024-05-16T14:21:33.649885" elapsed="3.369680"/>
</kw>
<status status="PASS" start="2024-05-16T14:21:31.016756" elapsed="6.002809"/>
</kw>
<kw name="Fill the credentials and login" owner="lumate1Resource">
<kw name="Wait Until Element Is Visible" owner="SeleniumLibrary">
<arg>${USERNAME_PATH_PMS}</arg>
<arg>15s</arg>
<doc>Waits until the element ``locator`` is visible.</doc>
<status status="PASS" start="2024-05-16T14:21:37.019565" elapsed="0.030275"/>
</kw>
<kw name="Input Text" owner="SeleniumLibrary">
<msg time="2024-05-16T14:21:37.049840" level="INFO">Typing text 'kalpesh' into text field 'xpath://*[@id="mat-input-0"]'.</msg>
<arg>${USERNAME_PATH_PMS}</arg>
<arg>${USERNAME_PMS}</arg>
<doc>Types the given ``text`` into the text field identified by ``locator``.</doc>
<status status="PASS" start="2024-05-16T14:21:37.049840" elapsed="0.108699"/>
</kw>
<kw name="Input Password" owner="SeleniumLibrary">
<msg time="2024-05-16T14:21:37.162670" level="INFO">Typing password into text field 'xpath://*[@id="mat-input-1"]'.</msg>
<msg time="2024-05-16T14:21:37.206758" level="INFO">Temporally setting log level to: NONE</msg>
<arg>${PASSWORD_PATH_PMS}</arg>
<arg>${PASSWORD_PMS}</arg>
<doc>Types the given password into the text field identified by ``locator``.</doc>
<status status="PASS" start="2024-05-16T14:21:37.158539" elapsed="0.093131"/>
</kw>
<kw name="Wait Until Element Is Visible" owner="SeleniumLibrary">
<arg>${REMEMBER_ME_PMS}</arg>
<arg>15s</arg>
<doc>Waits until the element ``locator`` is visible.</doc>
<status status="PASS" start="2024-05-16T14:21:37.251670" elapsed="0.024356"/>
</kw>
<kw name="Click Element" owner="SeleniumLibrary">
<msg time="2024-05-16T14:21:37.276026" level="INFO">Clicking element 'xpath://*[@class="check remember-check"]'.</msg>
<arg>${REMEMBER_ME_PMS}</arg>
<doc>Click the element identified by ``locator``.</doc>
<status status="PASS" start="2024-05-16T14:21:37.276026" elapsed="0.056179"/>
</kw>
<kw name="Click Button" owner="SeleniumLibrary">
<msg time="2024-05-16T14:21:37.332205" level="INFO">Clicking button 'xpath://*[@class="mat-focus-indicator auth-form-btn mat-raised-button mat-button-base mat-primary"]'.</msg>
<arg>${LOGIN_BTN_PMS}</arg>
<doc>Clicks the button identified by ``locator``.</doc>
<status status="PASS" start="2024-05-16T14:21:37.332205" elapsed="0.092923"/>
</kw>
<status status="PASS" start="2024-05-16T14:21:37.019565" elapsed="0.405563"/>
</kw>
<kw name="Wait Until Element Contains" owner="SeleniumLibrary">
<arg>${OTP_PAGE}</arg>
<arg>Almost There</arg>
<arg>${TIMEOUT}</arg>
<doc>Waits until the element ``locator`` contains ``text``.</doc>
<status status="PASS" start="2024-05-16T14:21:37.429639" elapsed="3.031538"/>
</kw>
<tag>TC-PMS-005</tag>
<status status="PASS" start="2024-05-16T14:21:31.016756" elapsed="9.444421"/>
</test>
<test id="s1-t3" name="Verify the clinician Home Page" line="31">
<kw name="Enter OTP and Submit it" owner="lumate1Resource">
<kw name="Wait for OTP Email" owner="lumate1Resource">
<kw name="Open Mailbox" owner="ImapLibrary2">
<arg>host=${EMAIL_SERVER}</arg>
<arg>user=${EMAIL_USERNAME}</arg>
<arg>password=${EMAIL_PASSWORD}</arg>
<doc>Open IMAP email client session to given ``host`` with given ``user`` and ``password``.</doc>
<status status="PASS" start="2024-05-16T14:21:40.470409" elapsed="1.802963"/>
</kw>
<kw name="Wait For Email" owner="ImapLibrary2">
<msg time="2024-05-16T14:21:53.582286" level="INFO">${email_index} = 2980</msg>
<var>${email_index}</var>
<arg>sender=${SENDER_USERNAME}</arg>
<arg>status=UNSEEN</arg>
<arg>timeout=300</arg>
<doc>Wait for email message to arrived base on any given filter criteria.
Returns email index of the latest email message received.</doc>
<status status="PASS" start="2024-05-16T14:21:42.273372" elapsed="11.308914"/>
</kw>
<kw name="Get Email Body" owner="ImapLibrary2">
<msg time="2024-05-16T14:21:54.067175" level="INFO">${email_body} = &lt;html xmlns="http://www.w3.org/1999/xhtml" xmlns:o="urn:schemas-microsoft-com:office:office" xmlns:v="urn:schemas-microsoft-com:vml" lang="en"&gt;&lt;head&gt;
&lt;meta http-equiv="Content-Type" content="text/htm...</msg>
<var>${email_body}</var>
<arg>${email_index}</arg>
<doc>Returns the decoded email body on multipart email message,
otherwise returns the body text.</doc>
<status status="PASS" start="2024-05-16T14:21:53.582286" elapsed="0.484889"/>
</kw>
<kw name="Get Regexp Matches" owner="String">
<msg time="2024-05-16T14:21:54.067175" level="INFO">${otp} = ['353454', '000000', '353454', '049484', '353454', '353454', '000000', '353454', '353454', '353454', '353454', '353454', '353454', '353454', '353454', '353454', '353454']</msg>
<var>${otp}</var>
<arg>${email_body}</arg>
<arg>\\b\\d{6}\\b</arg>
<doc>Returns a list of all non-overlapping matches in the given string.</doc>
<status status="PASS" start="2024-05-16T14:21:54.067175" elapsed="0.000000"/>
</kw>
<kw name="Delete Email" owner="ImapLibrary2">
<arg>${email_index}</arg>
<doc>Delete email on given ``email_index``.</doc>
<status status="PASS" start="2024-05-16T14:21:54.067175" elapsed="0.846050"/>
</kw>
<kw name="Log" owner="BuiltIn">
<msg time="2024-05-16T14:21:54.913225" level="INFO">OTP received: ['353454', '000000', '353454', '049484', '353454', '353454', '000000', '353454', '353454', '353454', '353454', '353454', '353454', '353454', '353454', '353454', '353454']</msg>
<arg>OTP received: ${otp}</arg>
<doc>Logs the given message with the given level.</doc>
<status status="PASS" start="2024-05-16T14:21:54.913225" elapsed="0.000000"/>
</kw>
<return>
<value>${otp}[3]</value>
<status status="PASS" start="2024-05-16T14:21:54.913225" elapsed="0.000000"/>
</return>
<msg time="2024-05-16T14:21:54.913225" level="INFO">${otp} = 049484</msg>
<var>${otp}</var>
<status status="PASS" start="2024-05-16T14:21:40.470409" elapsed="14.442816"/>
</kw>
<kw name="Copy To Clipboard" owner="CustomKeywords">
<arg>${otp}</arg>
<status status="PASS" start="2024-05-16T14:21:54.913225" elapsed="0.015624"/>
</kw>
<kw name="Wait Until Element Is Visible" owner="SeleniumLibrary">
<arg>${OTP_CLICK}</arg>
<arg>15s</arg>
<doc>Waits until the element ``locator`` is visible.</doc>
<status status="PASS" start="2024-05-16T14:21:54.928849" elapsed="0.032478"/>
</kw>
<kw name="Click Element" owner="SeleniumLibrary">
<msg time="2024-05-16T14:21:54.961327" level="INFO">Clicking element 'xpath://*[@class="information-text resend-otp m-auto p-t-10"]'.</msg>
<arg>${OTP_CLICK}</arg>
<doc>Click the element identified by ``locator``.</doc>
<status status="PASS" start="2024-05-16T14:21:54.961327" elapsed="0.045329"/>
</kw>
<kw name="Wait Until Element Is Visible" owner="SeleniumLibrary">
<arg>${OTP_PAGE}</arg>
<arg>${TIMEOUT}</arg>
<doc>Waits until the element ``locator`` is visible.</doc>
<status status="PASS" start="2024-05-16T14:21:55.006656" elapsed="0.012225"/>
</kw>
<kw name="Wait Until Element Is Visible" owner="SeleniumLibrary">
<arg>${OTP_PMS}</arg>
<arg>${TIMEOUT}</arg>
<doc>Waits until the element ``locator`` is visible.</doc>
<status status="PASS" start="2024-05-16T14:21:55.024124" elapsed="0.016284"/>
</kw>
<kw name="Press Keys" owner="SeleniumLibrary">
<msg time="2024-05-16T14:21:55.040408" level="INFO">Sending key(s) ('CTRL+V',) to xpath://*[@class="otp-input ng-pristine ng-valid ng-star-inserted ng-touched"] element.</msg>
<msg time="2024-05-16T14:21:55.345757" level="INFO">Pressing special key CONTROL down.</msg>
<msg time="2024-05-16T14:21:55.345757" level="INFO">Sending key V</msg>
<msg time="2024-05-16T14:21:55.345757" level="INFO">Releasing special key CONTROL.</msg>
<arg>${OTP_PMS}</arg>
<arg>CTRL+V</arg>
<doc>Simulates the user pressing key(s) to an element or on the active browser.</doc>
<status status="PASS" start="2024-05-16T14:21:55.040408" elapsed="0.326639"/>
</kw>
<kw name="Click Button" owner="SeleniumLibrary">
<msg time="2024-05-16T14:21:55.368090" level="INFO">Clicking button 'xpath://*[@class="mat-focus-indicator auth-form-btn mat-flat-button mat-button-base mat-primary"]'.</msg>
<arg>${VALIDATE_OTP_PMS}</arg>
<doc>Clicks the button identified by ``locator``.</doc>
<status status="PASS" start="2024-05-16T14:21:55.368090" elapsed="0.078650"/>
</kw>
<kw name="Sleep" owner="BuiltIn">
<msg time="2024-05-16T14:21:57.446947" level="INFO">Slept 2 seconds.</msg>
<arg>2s</arg>
<doc>Pauses the test executed for the given time.</doc>
<status status="PASS" start="2024-05-16T14:21:55.446740" elapsed="2.000207"/>
</kw>
<kw name="Run Keyword And Return Status" owner="BuiltIn">
<kw name="Page Should Contain" owner="SeleniumLibrary">
<msg time="2024-05-16T14:22:00.659680" level="INFO" html="true">&lt;/td&gt;&lt;/tr&gt;&lt;tr&gt;&lt;td colspan="3"&gt;&lt;a href="selenium-screenshot-37.png"&gt;&lt;img src="selenium-screenshot-37.png" width="800px"&gt;&lt;/a&gt;</msg>
<msg time="2024-05-16T14:22:00.659680" level="FAIL">Page should have contained text 'Incorrect OTP is provided. Try resending OTP.' but did not.</msg>
<arg>Incorrect OTP is provided. Try resending OTP.</arg>
<doc>Verifies that current page contains ``text``.</doc>
<status status="FAIL" start="2024-05-16T14:21:57.446947" elapsed="3.228483">Page should have contained text 'Incorrect OTP is provided. Try resending OTP.' but did not.</status>
</kw>
<msg time="2024-05-16T14:22:00.675430" level="INFO">${error_exists} = False</msg>
<var>${error_exists}</var>
<arg>Page Should Contain</arg>
<arg>Incorrect OTP is provided. Try resending OTP.</arg>
<doc>Runs the given keyword with given arguments and returns the status as a Boolean value.</doc>
<status status="PASS" start="2024-05-16T14:21:57.446947" elapsed="3.228483"/>
</kw>
<kw name="Run Keyword If" owner="BuiltIn">
<arg>${error_exists}</arg>
<arg>Enter OTP And Submit It</arg>
<doc>Runs the given keyword with the given arguments, if ``condition`` is true.</doc>
<status status="PASS" start="2024-05-16T14:22:00.675430" elapsed="0.000000"/>
</kw>
<kw name="Wait Until Element Is Visible" owner="SeleniumLibrary">
<arg>${HOMEPAGE_PMS}</arg>
<doc>Waits until the element ``locator`` is visible.</doc>
<status status="PASS" start="2024-05-16T14:22:00.675430" elapsed="0.015605"/>
</kw>
<status status="PASS" start="2024-05-16T14:21:40.461177" elapsed="20.229858"/>
</kw>
<kw name="Wait Until Element Is Visible" owner="SeleniumLibrary">
<arg>${TO-DO_HOME}</arg>
<arg>${TIMEOUT}</arg>
<doc>Waits until the element ``locator`` is visible.</doc>
<status status="PASS" start="2024-05-16T14:22:00.691035" elapsed="0.024902"/>
</kw>
<kw name="Element Should Contain" owner="SeleniumLibrary">
<msg time="2024-05-16T14:22:00.729605" level="INFO">Element 'xpath://*[@class="to-do-container h-100"]' contains text 'TO DO's'.</msg>
<arg>${TO-DO_HOME}</arg>
<arg>TO DO's</arg>
<doc>Verifies that element ``locator`` contains text ``expected``.</doc>
<status status="PASS" start="2024-05-16T14:22:00.715937" elapsed="0.013668"/>
</kw>
<kw name="Element Should Contain" owner="SeleniumLibrary">
<msg time="2024-05-16T14:22:00.737576" level="INFO">Element 'xpath://*[@class="appointment-container h-100"]' contains text 'Appointments'.</msg>
<arg>${APPOINTMENT_HOME}</arg>
<arg>Appointments</arg>
<doc>Verifies that element ``locator`` contains text ``expected``.</doc>
<status status="PASS" start="2024-05-16T14:22:00.730846" elapsed="0.006730"/>
</kw>
<tag>TC-APP-001</tag>
<status status="PASS" start="2024-05-16T14:21:40.461177" elapsed="20.276399"/>
</test>
<test id="s1-t4" name="Verify the Calender &amp; appointments screen" line="38">
<kw name="Wait Until the Update Icon Disappear" owner="lumate1Resource">
<kw name="Wait Until Element Is Not Visible" owner="SeleniumLibrary">
<arg>${UpdateIcon}</arg>
<arg>${TIMEOUT_40}</arg>
<doc>Waits until the element ``locator`` is not visible.</doc>
<status status="PASS" start="2024-05-16T14:22:00.737576" elapsed="0.015726"/>
</kw>
<status status="PASS" start="2024-05-16T14:22:00.737576" elapsed="0.015726"/>
</kw>
<kw name="Click Element" owner="SeleniumLibrary">
<msg time="2024-05-16T14:22:00.753302" level="INFO">Clicking element 'xpath://*[@class="menu overflow-hidden"]/ul/div[1]/li[3]'.</msg>
<arg>${APPOINTMENT_SEC}</arg>
<doc>Click the element identified by ``locator``.</doc>
<status status="PASS" start="2024-05-16T14:22:00.753302" elapsed="0.317952"/>
</kw>
<kw name="Wait Until the Update Icon Disappear" owner="lumate1Resource">
<kw name="Wait Until Element Is Not Visible" owner="SeleniumLibrary">
<arg>${UpdateIcon}</arg>
<arg>${TIMEOUT_40}</arg>
<doc>Waits until the element ``locator`` is not visible.</doc>
<status status="PASS" start="2024-05-16T14:22:01.074087" elapsed="0.020673"/>
</kw>
<status status="PASS" start="2024-05-16T14:22:01.073894" elapsed="0.020866"/>
</kw>
<kw name="verify elements of TC-APP-002 visible or not" owner="lumate1Resource">
<kw name="Wait Until Element Is Visible" owner="SeleniumLibrary">
<arg>${APPOINTMENT_CALENDER}</arg>
<arg>${TIMEOUT_40}</arg>
<doc>Waits until the element ``locator`` is visible.</doc>
<status status="PASS" start="2024-05-16T14:22:01.095805" elapsed="1.699940"/>
</kw>
<kw name="Element Should Be Visible" owner="SeleniumLibrary">
<msg time="2024-05-16T14:22:02.807336" level="INFO">Element 'xpath://*[@class="appointment-calendar h-100"]' is displayed.</msg>
<arg>${APPOINTMENT_CALENDER}</arg>
<arg>Today</arg>
<doc>Verifies that the element identified by ``locator`` is visible.</doc>
<status status="PASS" start="2024-05-16T14:22:02.795745" elapsed="0.011591"/>
</kw>
<kw name="Element Should Be Visible" owner="SeleniumLibrary">
<msg time="2024-05-16T14:22:02.846863" level="INFO">Element 'xpath://*[@class="d-block d-xxl-none position-absolute m-t-8 he-38 wi-38 b-r-10 p-a-7 btn-primary text-white w-auto"]' is displayed.</msg>
<arg>${CREATE_APPOINTMENT}</arg>
<doc>Verifies that the element identified by ``locator`` is visible.</doc>
<status status="PASS" start="2024-05-16T14:22:02.807336" elapsed="0.039527"/>
</kw>
<kw name="Wait Until the Update Icon Disappear" owner="lumate1Resource">
<kw name="Wait Until Element Is Not Visible" owner="SeleniumLibrary">
<arg>${UpdateIcon}</arg>
<arg>${TIMEOUT_40}</arg>
<doc>Waits until the element ``locator`` is not visible.</doc>
<status status="PASS" start="2024-05-16T14:22:02.846863" elapsed="0.013682"/>
</kw>
<status status="PASS" start="2024-05-16T14:22:02.846863" elapsed="0.013682"/>
</kw>
<kw name="Wait Until Element Is Visible" owner="SeleniumLibrary">
<arg>${OPEN_RIGHTBAR_FOR_CALANEDER}</arg>
<arg>${TIMEOUT_40}</arg>
<doc>Waits until the element ``locator`` is visible.</doc>
<status status="PASS" start="2024-05-16T14:22:02.860545" elapsed="0.513547"/>
</kw>
<kw name="Wait Until the Update Icon Disappear" owner="lumate1Resource">
<kw name="Wait Until Element Is Not Visible" owner="SeleniumLibrary">
<arg>${UpdateIcon}</arg>
<arg>${TIMEOUT_40}</arg>
<doc>Waits until the element ``locator`` is not visible.</doc>
<status status="PASS" start="2024-05-16T14:22:03.374092" elapsed="0.000000"/>
</kw>
<status status="PASS" start="2024-05-16T14:22:03.374092" elapsed="0.000000"/>
</kw>
<kw name="Sleep" owner="BuiltIn">
<msg time="2024-05-16T14:22:11.374501" level="INFO">Slept 8 seconds.</msg>
<arg>8s</arg>
<doc>Pauses the test executed for the given time.</doc>
<status status="PASS" start="2024-05-16T14:22:03.374092" elapsed="8.000409"/>
</kw>
<kw name="Click Button" owner="SeleniumLibrary">
<msg time="2024-05-16T14:22:11.374501" level="INFO">Clicking button 'xpath://*[@class="toggle-sidebar-button he-36 wi-24 bg-secondary text-white position-absolute"]'.</msg>
<arg>${OPEN_RIGHTBAR_FOR_CALANEDER}</arg>
<doc>Clicks the button identified by ``locator``.</doc>
<status status="PASS" start="2024-05-16T14:22:11.374501" elapsed="0.091368"/>
</kw>
<kw name="Element Should Be Visible" owner="SeleniumLibrary">
<msg time="2024-05-16T14:22:11.491600" level="INFO">Element 'xpath://*[@class="card border-bottom-0"]' is displayed.</msg>
<arg>${Select_Office}</arg>
<arg>Select Office</arg>
<doc>Verifies that the element identified by ``locator`` is visible.</doc>
<status status="PASS" start="2024-05-16T14:22:11.465869" elapsed="0.025731"/>
</kw>
<kw name="Wait Until Element Is Visible" owner="SeleniumLibrary">
<arg>${Select_Clinicians}</arg>
<arg>${TIMEOUT}</arg>
<doc>Waits until the element ``locator`` is visible.</doc>
<status status="PASS" start="2024-05-16T14:22:11.491600" elapsed="0.238977"/>
</kw>
<kw name="Element Should Be Visible" owner="SeleniumLibrary">
<msg time="2024-05-16T14:22:11.747059" level="INFO">Element 'xpath://*[@class="d-flex align-items-center"]' is displayed.</msg>
<arg>${Select_Clinicians}</arg>
<arg>Select Clinicians</arg>
<doc>Verifies that the element identified by ``locator`` is visible.</doc>
<status status="PASS" start="2024-05-16T14:22:11.730577" elapsed="0.016482"/>
</kw>
<status status="PASS" start="2024-05-16T14:22:01.094760" elapsed="10.652299"/>
</kw>
<kw name="Wait Until the Update Icon Disappear" owner="lumate1Resource">
<kw name="Wait Until Element Is Not Visible" owner="SeleniumLibrary">
<arg>${UpdateIcon}</arg>
<arg>${TIMEOUT_40}</arg>
<doc>Waits until the element ``locator`` is not visible.</doc>
<status status="PASS" start="2024-05-16T14:22:11.747059" elapsed="0.018251"/>
</kw>
<status status="PASS" start="2024-05-16T14:22:11.747059" elapsed="0.018251"/>
</kw>
<tag>TC-APP-002</tag>
<status status="PASS" start="2024-05-16T14:22:00.737576" elapsed="11.027734"/>
</test>
<test id="s1-t5" name="Verify the create an appointment button" line="46">
<kw name="Click Element" owner="SeleniumLibrary" type="SETUP">
<msg time="2024-05-16T14:22:11.765310" level="INFO">Clicking element 'xpath://*[@class="menu overflow-hidden"]/ul/div[1]/li[3]'.</msg>
<arg>${HOME_SEC}</arg>
<doc>Click the element identified by ``locator``.</doc>
<status status="PASS" start="2024-05-16T14:22:11.765310" elapsed="0.051671"/>
</kw>
<kw name="Create Appointment and check elements" owner="lumate1Resource">
<kw name="Click Element" owner="SeleniumLibrary">
<msg time="2024-05-16T14:22:11.816981" level="INFO">Clicking element 'xpath://*[@class="menu overflow-hidden"]/ul/div[1]/li[3]'.</msg>
<arg>${APPOINTMENT_SEC}</arg>
<doc>Click the element identified by ``locator``.</doc>
<status status="PASS" start="2024-05-16T14:22:11.816981" elapsed="0.044288"/>
</kw>
<kw name="Click Element" owner="SeleniumLibrary">
<msg time="2024-05-16T14:22:11.861269" level="INFO">Clicking element 'xpath://*[@class="d-block d-xxl-none position-absolute m-t-8 he-38 wi-38 b-r-10 p-a-7 btn-primary text-white w-auto"]'.</msg>
<arg>${CREATE_APPOINTMENT}</arg>
<doc>Click the element identified by ``locator``.</doc>
<status status="PASS" start="2024-05-16T14:22:11.861269" elapsed="0.169600"/>
</kw>
<kw name="Wait Until Element Is Visible" owner="SeleniumLibrary">
<arg>${SCHEDULED_APPOINTMENT}</arg>
<arg>${Timeout}</arg>
<doc>Waits until the element ``locator`` is visible.</doc>
<status status="PASS" start="2024-05-16T14:22:12.030869" elapsed="0.040186"/>
</kw>
<kw name="Element Should Contain" owner="SeleniumLibrary">
<msg time="2024-05-16T14:22:12.125281" level="INFO">Element 'xpath://*[@class="block-header"]' contains text 'Schedule Appointment'.</msg>
<arg>${SCHEDULED_APPOINTMENT}</arg>
<arg>Schedule Appointment</arg>
<doc>Verifies that element ``locator`` contains text ``expected``.</doc>
<status status="PASS" start="2024-05-16T14:22:12.071055" elapsed="0.054226"/>
</kw>
<kw name="Wait Until Element Is Visible" owner="SeleniumLibrary">
<arg>${APPOINTMENT_TYPE}</arg>
<arg>${Timeout}</arg>
<doc>Waits until the element ``locator`` is visible.</doc>
<status status="PASS" start="2024-05-16T14:22:12.125281" elapsed="2.286894"/>
</kw>
<kw name="Element Should Be Visible" owner="SeleniumLibrary">
<msg time="2024-05-16T14:22:14.427809" level="INFO">Element 'xpath://*[@class="p-x-18 col-xs-12 col-sm-12 col-md-12 col-lg-12 col-xl-6 col-xxl-4"]' is displayed.</msg>
<arg>${APPOINTMENT_TYPE}</arg>
<doc>Verifies that the element identified by ``locator`` is visible.</doc>
<status status="PASS" start="2024-05-16T14:22:14.412175" elapsed="0.015634"/>
</kw>
<kw name="Element Should Be Visible" owner="SeleniumLibrary">
<msg time="2024-05-16T14:22:14.540621" level="INFO">Element 'xpath://*[@class="d-flex m-a-20"]' is displayed.</msg>
<arg>${BACK_BUTTON}</arg>
<doc>Verifies that the element identified by ``locator`` is visible.</doc>
<status status="PASS" start="2024-05-16T14:22:14.427809" elapsed="0.112812"/>
</kw>
<status status="PASS" start="2024-05-16T14:22:11.816981" elapsed="2.723640"/>
</kw>
<tag>TC-APP-003</tag>
<status status="PASS" start="2024-05-16T14:22:11.765310" elapsed="2.775311"/>
</test>
<test id="s1-t6" name="Verify View Patient" line="51">
<kw name="Click Element" owner="SeleniumLibrary" type="SETUP">
<msg time="2024-05-16T14:22:14.540621" level="INFO">Clicking element 'xpath://*[@class="menu overflow-hidden"]/ul/div[1]/li[3]'.</msg>
<arg>${HOME_SEC}</arg>
<doc>Click the element identified by ``locator``.</doc>
<status status="PASS" start="2024-05-16T14:22:14.540621" elapsed="0.112137"/>
</kw>
<kw name="Patient View Details Screen" owner="lumate1Resource">
<kw name="Click Element" owner="SeleniumLibrary">
<msg time="2024-05-16T14:22:14.652758" level="INFO">Clicking element 'xpath://*[@class="menu overflow-hidden"]/ul/div[1]/li[4]'.</msg>
<arg>${PATIENT_SEC}</arg>
<doc>Click the element identified by ``locator``.</doc>
<status status="PASS" start="2024-05-16T14:22:14.652758" elapsed="0.048210"/>
</kw>
<kw name="Wait Until Element Is Visible" owner="SeleniumLibrary">
<arg>${VIEW_PATIENT1}</arg>
<arg>${Timeout}</arg>
<doc>Waits until the element ``locator`` is visible.</doc>
<status status="PASS" start="2024-05-16T14:22:14.700968" elapsed="1.289639"/>
</kw>
<kw name="Click Element" owner="SeleniumLibrary">
<msg time="2024-05-16T14:22:15.990607" level="INFO">Clicking element 'xpath://*[@class="fa-solid fa-circle-info font-18 text-white"]'.</msg>
<arg>${VIEW_PATIENT1}</arg>
<doc>Click the element identified by ``locator``.</doc>
<status status="PASS" start="2024-05-16T14:22:15.990607" elapsed="0.332712"/>
</kw>
<kw name="Wait Until Element Is Visible" owner="SeleniumLibrary">
<arg>${PATIENT_DETAIL}</arg>
<arg>${Timeout}</arg>
<doc>Waits until the element ``locator`` is visible.</doc>
<status status="PASS" start="2024-05-16T14:22:16.323319" elapsed="0.072993"/>
</kw>
<kw name="Element Should Be Visible" owner="SeleniumLibrary">
<msg time="2024-05-16T14:22:16.421529" level="INFO">Element 'xpath://*[@class="upper-body d-flex align-items-center"]' is displayed.</msg>
<arg>${PATIENT_DETAIL}</arg>
<doc>Verifies that the element identified by ``locator`` is visible.</doc>
<status status="PASS" start="2024-05-16T14:22:16.396312" elapsed="0.025217"/>
</kw>
<status status="PASS" start="2024-05-16T14:22:14.652758" elapsed="1.768771"/>
</kw>
<kw name="Wait Until the Update Icon Disappear" owner="lumate1Resource">
<kw name="Wait Until Element Is Not Visible" owner="SeleniumLibrary">
<arg>${UpdateIcon}</arg>
<arg>${TIMEOUT_40}</arg>
<doc>Waits until the element ``locator`` is not visible.</doc>
<status status="PASS" start="2024-05-16T14:22:16.421529" elapsed="0.005183"/>
</kw>
<status status="PASS" start="2024-05-16T14:22:16.421529" elapsed="0.005183"/>
</kw>
<tag>TC-PCV-001</tag>
<status status="PASS" start="2024-05-16T14:22:14.540621" elapsed="1.886091"/>
</test>
<test id="s1-t7" name="Verify Edit Patient" line="57">
<kw name="Click Element" owner="SeleniumLibrary" type="SETUP">
<msg time="2024-05-16T14:22:16.426712" level="INFO">Clicking element 'xpath://*[@class="menu overflow-hidden"]/ul/div[1]/li[3]'.</msg>
<arg>${HOME_SEC}</arg>
<doc>Click the element identified by ``locator``.</doc>
<status status="PASS" start="2024-05-16T14:22:16.426712" elapsed="0.156784"/>
</kw>
<kw name="Patient Edit Details Screen" owner="lumate1Resource">
<kw name="Wait Until Element Is Visible" owner="SeleniumLibrary">
<arg>${PATIENT_SEC}</arg>
<arg>${Timeout}</arg>
<doc>Waits until the element ``locator`` is visible.</doc>
<status status="PASS" start="2024-05-16T14:22:16.583496" elapsed="0.036032"/>
</kw>
<kw name="Click Element" owner="SeleniumLibrary">
<msg time="2024-05-16T14:22:16.619528" level="INFO">Clicking element 'xpath://*[@class="menu overflow-hidden"]/ul/div[1]/li[4]'.</msg>
<arg>${PATIENT_SEC}</arg>
<doc>Click the element identified by ``locator``.</doc>
<status status="PASS" start="2024-05-16T14:22:16.619528" elapsed="0.105501"/>
</kw>
<kw name="Wait Until Element Is Visible" owner="SeleniumLibrary">
<arg>${EDIT_PATIENT1}</arg>
<arg>${Timeout}</arg>
<doc>Waits until the element ``locator`` is visible.</doc>
<status status="PASS" start="2024-05-16T14:22:16.726071" elapsed="0.866675"/>
</kw>
<kw name="Click Element" owner="SeleniumLibrary">
<msg time="2024-05-16T14:22:17.592746" level="INFO">Clicking element 'xpath://*[@class="fa-solid fa-pen-to-square font-18 text-white"]'.</msg>
<arg>${EDIT_PATIENT1}</arg>
<doc>Click the element identified by ``locator``.</doc>
<status status="PASS" start="2024-05-16T14:22:17.592746" elapsed="0.117859"/>
</kw>
<status status="PASS" start="2024-05-16T14:22:16.583496" elapsed="1.127109"/>
</kw>
<kw name="Wait Until Element Is Visible" owner="SeleniumLibrary">
<arg>${PATIENT_CHART}</arg>
<arg>${TIMEOUT}</arg>
<doc>Waits until the element ``locator`` is visible.</doc>
<status status="PASS" start="2024-05-16T14:22:17.710605" elapsed="0.996195"/>
</kw>
<kw name="Element Should Be Visible" owner="SeleniumLibrary">
<msg time="2024-05-16T14:22:18.832364" level="INFO">Element 'xpath://*[@class="p-a-15"]' is displayed.</msg>
<arg>${PATIENT_CHART}</arg>
<doc>Verifies that the element identified by ``locator`` is visible.</doc>
<status status="PASS" start="2024-05-16T14:22:18.708123" elapsed="0.124241"/>
</kw>
<kw name="Wait Until the Update Icon Disappear" owner="lumate1Resource">
<kw name="Wait Until Element Is Not Visible" owner="SeleniumLibrary">
<arg>${UpdateIcon}</arg>
<arg>${TIMEOUT_40}</arg>
<doc>Waits until the element ``locator`` is not visible.</doc>
<status status="PASS" start="2024-05-16T14:22:18.897704" elapsed="0.050411"/>
</kw>
<status status="PASS" start="2024-05-16T14:22:18.897704" elapsed="0.050411"/>
</kw>
<kw name="Sleep" owner="BuiltIn">
<msg time="2024-05-16T14:22:20.949265" level="INFO">Slept 2 seconds.</msg>
<arg>2s</arg>
<doc>Pauses the test executed for the given time.</doc>
<status status="PASS" start="2024-05-16T14:22:18.948621" elapsed="2.000644"/>
</kw>
<tag>TC-PCV-002</tag>
<status status="PASS" start="2024-05-16T14:22:16.426712" elapsed="4.522553"/>
</test>
<test id="s1-t8" name="Verify the Basic details screen given under the Demographic section" line="66">
<kw name="Click Element" owner="SeleniumLibrary" type="SETUP">
<msg time="2024-05-16T14:22:20.952877" level="INFO">Clicking element 'xpath://*[@class="menu overflow-hidden"]/ul/div[1]/li[3]'.</msg>
<arg>${HOME_SEC}</arg>
<doc>Click the element identified by ``locator``.</doc>
<status status="PASS" start="2024-05-16T14:22:20.952877" elapsed="0.118041"/>
</kw>
<kw name="Wait Until the Update Icon Disappear" owner="lumate1Resource">
<kw name="Wait Until Element Is Not Visible" owner="SeleniumLibrary">
<arg>${UpdateIcon}</arg>
<arg>${TIMEOUT_40}</arg>
<doc>Waits until the element ``locator`` is not visible.</doc>
<status status="PASS" start="2024-05-16T14:22:21.072640" elapsed="0.011032"/>
</kw>
<status status="PASS" start="2024-05-16T14:22:21.072640" elapsed="0.011032"/>
</kw>
<kw name="Patient Edit Details Screen" owner="lumate1Resource">
<kw name="Wait Until Element Is Visible" owner="SeleniumLibrary">
<arg>${PATIENT_SEC}</arg>
<arg>${Timeout}</arg>
<doc>Waits until the element ``locator`` is visible.</doc>
<status status="PASS" start="2024-05-16T14:22:21.083672" elapsed="0.026063"/>
</kw>
<kw name="Click Element" owner="SeleniumLibrary">
<msg time="2024-05-16T14:22:21.109735" level="INFO">Clicking element 'xpath://*[@class="menu overflow-hidden"]/ul/div[1]/li[4]'.</msg>
<arg>${PATIENT_SEC}</arg>
<doc>Click the element identified by ``locator``.</doc>
<status status="PASS" start="2024-05-16T14:22:21.109735" elapsed="0.084876"/>
</kw>
<kw name="Wait Until Element Is Visible" owner="SeleniumLibrary">
<arg>${EDIT_PATIENT1}</arg>
<arg>${Timeout}</arg>
<doc>Waits until the element ``locator`` is visible.</doc>
<status status="PASS" start="2024-05-16T14:22:21.194611" elapsed="1.100323"/>
</kw>
<kw name="Click Element" owner="SeleniumLibrary">
<msg time="2024-05-16T14:22:22.294934" level="INFO">Clicking element 'xpath://*[@class="fa-solid fa-pen-to-square font-18 text-white"]'.</msg>
<arg>${EDIT_PATIENT1}</arg>
<doc>Click the element identified by ``locator``.</doc>
<status status="PASS" start="2024-05-16T14:22:22.294934" elapsed="0.325315"/>
</kw>
<status status="PASS" start="2024-05-16T14:22:21.083672" elapsed="1.536577"/>
</kw>
<kw name="Wait Until the Update Icon Disappear" owner="lumate1Resource">
<kw name="Wait Until Element Is Not Visible" owner="SeleniumLibrary">
<arg>${UpdateIcon}</arg>
<arg>${TIMEOUT_40}</arg>
<doc>Waits until the element ``locator`` is not visible.</doc>
<status status="PASS" start="2024-05-16T14:22:22.620249" elapsed="0.019479"/>
</kw>
<status status="PASS" start="2024-05-16T14:22:22.620249" elapsed="0.019479"/>
</kw>
<kw name="Wait Until Element Is Visible" owner="SeleniumLibrary">
<arg>${BASIC_DETAILS_VIEW}</arg>
<arg>${TIMEOUT}</arg>
<doc>Waits until the element ``locator`` is visible.</doc>
<status status="PASS" start="2024-05-16T14:22:22.639728" elapsed="0.027961"/>
</kw>
<kw name="Element Should Be Visible" owner="SeleniumLibrary">
<msg time="2024-05-16T14:22:22.692153" level="INFO">Element 'xpath://*[@class="mat-tab-body-wrapper"]' is displayed.</msg>
<arg>${BASIC_DETAILS_VIEW}</arg>
<doc>Verifies that the element identified by ``locator`` is visible.</doc>
<status status="PASS" start="2024-05-16T14:22:22.667689" elapsed="0.024464"/>
</kw>
<tag>TC-PCV-003</tag>
<status status="PASS" start="2024-05-16T14:22:20.951777" elapsed="1.740376"/>
</test>
<test id="s1-t9" name="Verify billing tab" line="75">
<kw name="Click Element" owner="SeleniumLibrary" type="SETUP">
<msg time="2024-05-16T14:22:22.692153" level="INFO">Clicking element 'xpath://*[@class="menu overflow-hidden"]/ul/div[1]/li[3]'.</msg>
<arg>${HOME_SEC}</arg>
<doc>Click the element identified by ``locator``.</doc>
<status status="PASS" start="2024-05-16T14:22:22.692153" elapsed="0.098923"/>
</kw>
<kw name="Wait Until the Update Icon Disappear" owner="lumate1Resource">
<kw name="Wait Until Element Is Not Visible" owner="SeleniumLibrary">
<arg>${UpdateIcon}</arg>
<arg>${TIMEOUT_40}</arg>
<doc>Waits until the element ``locator`` is not visible.</doc>
<status status="PASS" start="2024-05-16T14:22:22.791076" elapsed="0.000000"/>
</kw>
<status status="PASS" start="2024-05-16T14:22:22.791076" elapsed="0.000000"/>
</kw>
<kw name="Patient Edit Details Screen" owner="lumate1Resource">
<kw name="Wait Until Element Is Visible" owner="SeleniumLibrary">
<arg>${PATIENT_SEC}</arg>
<arg>${Timeout}</arg>
<doc>Waits until the element ``locator`` is visible.</doc>
<status status="PASS" start="2024-05-16T14:22:22.805988" elapsed="0.017670"/>
</kw>
<kw name="Click Element" owner="SeleniumLibrary">
<msg time="2024-05-16T14:22:22.823796" level="INFO">Clicking element 'xpath://*[@class="menu overflow-hidden"]/ul/div[1]/li[4]'.</msg>
<arg>${PATIENT_SEC}</arg>
<doc>Click the element identified by ``locator``.</doc>
<status status="PASS" start="2024-05-16T14:22:22.823796" elapsed="0.095303"/>
</kw>
<kw name="Wait Until Element Is Visible" owner="SeleniumLibrary">
<arg>${EDIT_PATIENT1}</arg>
<arg>${Timeout}</arg>
<doc>Waits until the element ``locator`` is visible.</doc>
<status status="PASS" start="2024-05-16T14:22:22.919099" elapsed="0.471228"/>
</kw>
<kw name="Click Element" owner="SeleniumLibrary">
<msg time="2024-05-16T14:22:23.390327" level="INFO">Clicking element 'xpath://*[@class="fa-solid fa-pen-to-square font-18 text-white"]'.</msg>
<arg>${EDIT_PATIENT1}</arg>
<doc>Click the element identified by ``locator``.</doc>
<status status="PASS" start="2024-05-16T14:22:23.390327" elapsed="0.832196"/>
</kw>
<status status="PASS" start="2024-05-16T14:22:22.805068" elapsed="1.417455"/>
</kw>
<kw name="Wait Until the Update Icon Disappear" owner="lumate1Resource">
<kw name="Wait Until Element Is Not Visible" owner="SeleniumLibrary">
<arg>${UpdateIcon}</arg>
<arg>${TIMEOUT_40}</arg>
<doc>Waits until the element ``locator`` is not visible.</doc>
<status status="PASS" start="2024-05-16T14:22:24.222523" elapsed="0.024150"/>
</kw>
<status status="PASS" start="2024-05-16T14:22:24.222523" elapsed="0.024150"/>
</kw>
<kw name="Wait Until Element Is Visible" owner="SeleniumLibrary">
<arg>${BILLING_SEC}</arg>
<arg>${TIMEOUT}</arg>
<doc>Waits until the element ``locator`` is visible.</doc>
<status status="PASS" start="2024-05-16T14:22:24.246673" elapsed="1.639101"/>
</kw>
<kw name="Click Element" owner="SeleniumLibrary">
<msg time="2024-05-16T14:22:25.886358" level="INFO">Clicking element 'xpath://*[@class="content-block"]/div/div/div/div[3]/li[8]'.</msg>
<arg>${BILLING_SEC}</arg>
<doc>Click the element identified by ``locator``.</doc>
<status status="PASS" start="2024-05-16T14:22:25.886358" elapsed="0.776440"/>
</kw>
<kw name="Element Should Be Visible" owner="SeleniumLibrary">
<msg time="2024-05-16T14:22:26.696947" level="INFO">Element 'xpath://*[@class="d-flex billing-cards-overview m-b-30 ng-star-inserted"]' is displayed.</msg>
<arg>${BILLING_VIEW}</arg>
<doc>Verifies that the element identified by ``locator`` is visible.</doc>
<status status="PASS" start="2024-05-16T14:22:26.662798" elapsed="0.034149"/>
</kw>
<kw name="Wait Until the Update Icon Disappear" owner="lumate1Resource">
<kw name="Wait Until Element Is Not Visible" owner="SeleniumLibrary">
<arg>${UpdateIcon}</arg>
<arg>${TIMEOUT_40}</arg>
<doc>Waits until the element ``locator`` is not visible.</doc>
<status status="PASS" start="2024-05-16T14:22:26.696947" elapsed="0.011905"/>
</kw>
<status status="PASS" start="2024-05-16T14:22:26.696947" elapsed="0.011905"/>
</kw>
<kw name="Sleep" owner="BuiltIn">
<msg time="2024-05-16T14:22:28.709145" level="INFO">Slept 2 seconds.</msg>
<arg>2s</arg>
<doc>Pauses the test executed for the given time.</doc>
<status status="PASS" start="2024-05-16T14:22:26.708852" elapsed="2.000293"/>
</kw>
<tag>TC-PCV-004</tag>
<status status="PASS" start="2024-05-16T14:22:22.692153" elapsed="6.016992"/>
</test>
<test id="s1-t10" name="Change billing status" line="87">
<kw name="Click Element" owner="SeleniumLibrary" type="SETUP">
<msg time="2024-05-16T14:22:28.709145" level="INFO">Clicking element 'xpath://*[@class="menu overflow-hidden"]/ul/div[1]/li[2]'.</msg>
<arg>${HOME_SEC_ICON}</arg>
<doc>Click the element identified by ``locator``.</doc>
<status status="PASS" start="2024-05-16T14:22:28.709145" elapsed="0.067928"/>
</kw>
<kw name="Wait Until the Update Icon Disappear" owner="lumate1Resource">
<kw name="Wait Until Element Is Not Visible" owner="SeleniumLibrary">
<arg>${UpdateIcon}</arg>
<arg>${TIMEOUT_40}</arg>
<doc>Waits until the element ``locator`` is not visible.</doc>
<status status="PASS" start="2024-05-16T14:22:28.777581" elapsed="0.014491"/>
</kw>
<status status="PASS" start="2024-05-16T14:22:28.777581" elapsed="0.014927"/>
</kw>
<kw name="Patient Edit Details Screen" owner="lumate1Resource">
<kw name="Wait Until Element Is Visible" owner="SeleniumLibrary">
<arg>${PATIENT_SEC}</arg>
<arg>${Timeout}</arg>
<doc>Waits until the element ``locator`` is visible.</doc>
<status status="PASS" start="2024-05-16T14:22:28.792508" elapsed="0.020690"/>
</kw>
<kw name="Click Element" owner="SeleniumLibrary">
<msg time="2024-05-16T14:22:28.814203" level="INFO">Clicking element 'xpath://*[@class="menu overflow-hidden"]/ul/div[1]/li[4]'.</msg>
<arg>${PATIENT_SEC}</arg>
<doc>Click the element identified by ``locator``.</doc>
<status status="PASS" start="2024-05-16T14:22:28.814203" elapsed="0.077803"/>
</kw>
<kw name="Wait Until Element Is Visible" owner="SeleniumLibrary">
<arg>${EDIT_PATIENT1}</arg>
<arg>${Timeout}</arg>
<doc>Waits until the element ``locator`` is visible.</doc>
<status status="PASS" start="2024-05-16T14:22:28.892006" elapsed="1.075161"/>
</kw>
<kw name="Click Element" owner="SeleniumLibrary">
<msg time="2024-05-16T14:22:29.967167" level="INFO">Clicking element 'xpath://*[@class="fa-solid fa-pen-to-square font-18 text-white"]'.</msg>
<arg>${EDIT_PATIENT1}</arg>
<doc>Click the element identified by ``locator``.</doc>
<status status="PASS" start="2024-05-16T14:22:29.967167" elapsed="0.268363"/>
</kw>
<status status="PASS" start="2024-05-16T14:22:28.792508" elapsed="1.443022"/>
</kw>
<kw name="Wait Until Element Is Visible" owner="SeleniumLibrary">
<arg>${BILLING_SEC}</arg>
<arg>${TIMEOUT}</arg>
<doc>Waits until the element ``locator`` is visible.</doc>
<status status="PASS" start="2024-05-16T14:22:30.235530" elapsed="1.463364"/>
</kw>
<kw name="Click Element" owner="SeleniumLibrary">
<msg time="2024-05-16T14:22:31.698894" level="INFO">Clicking element 'xpath://*[@class="content-block"]/div/div/div/div[3]/li[8]'.</msg>
<arg>${BILLING_SEC}</arg>
<doc>Click the element identified by ``locator``.</doc>
<status status="PASS" start="2024-05-16T14:22:31.698894" elapsed="0.952258"/>
</kw>
<kw name="Wait Until Element Is Visible" owner="SeleniumLibrary">
<arg>//*[@class="d-flex billing-cards-overview m-b-30 ng-star-inserted"]</arg>
<doc>Waits until the element ``locator`` is visible.</doc>
<status status="PASS" start="2024-05-16T14:22:32.651752" elapsed="0.027802"/>
</kw>
<kw name="Wait Until the Update Icon Disappear" owner="lumate1Resource">
<kw name="Wait Until Element Is Not Visible" owner="SeleniumLibrary">
<arg>${UpdateIcon}</arg>
<arg>${TIMEOUT_40}</arg>
<doc>Waits until the element ``locator`` is not visible.</doc>
<status status="PASS" start="2024-05-16T14:22:32.679554" elapsed="0.011293"/>
</kw>
<status status="PASS" start="2024-05-16T14:22:32.679554" elapsed="0.011293"/>
</kw>
<kw name="Changing status of billing to ready to bill" owner="lumate1Resource">
<kw name="Get Element Count" owner="SeleniumLibrary">
<msg time="2024-05-16T14:22:32.707709" level="INFO">${COUNT} = 0</msg>
<var>${COUNT}</var>
<arg>${DETAILED_STATUS}</arg>
<doc>Returns the number of elements matching ``locator``.</doc>
<status status="PASS" start="2024-05-16T14:22:32.690847" elapsed="0.016862"/>
</kw>
<for flavor="IN RANGE">
<iter>
<kw name="Click Element" owner="SeleniumLibrary">
<arg>${BILLING_STATUS}</arg>
<doc>Click the element identified by ``locator``.</doc>
<status status="NOT RUN" start="2024-05-16T14:22:32.707709" elapsed="0.000000"/>
</kw>
<kw name="Click Element" owner="SeleniumLibrary">
<arg>${READY_TO_BILL}</arg>
<doc>Click the element identified by ``locator``.</doc>
<status status="NOT RUN" start="2024-05-16T14:22:32.707709" elapsed="0.000000"/>
</kw>
<kw name="Click Element" owner="SeleniumLibrary">
<arg>${YES_FOR_STATUS_CHANGE}</arg>
<doc>Click the element identified by ``locator``.</doc>
<status status="NOT RUN" start="2024-05-16T14:22:32.707709" elapsed="0.000000"/>
</kw>
<kw name="Wait Until the Update Icon Disappear" owner="lumate1Resource">
<status status="NOT RUN" start="2024-05-16T14:22:32.707709" elapsed="0.000000"/>
</kw>
<var name="${i}"/>
<status status="NOT RUN" start="2024-05-16T14:22:32.707709" elapsed="0.000000"/>
</iter>
<var>${i}</var>
<value>${COUNT}</value>
<status status="NOT RUN" start="2024-05-16T14:22:32.707709" elapsed="0.000000"/>
</for>
<kw name="Element Should Not Be Visible" owner="SeleniumLibrary">
<msg time="2024-05-16T14:22:32.722746" level="INFO">Element 'xpath://*[@class="mat-row cdk-row ng-star-inserted"]' did not exist.</msg>
<arg>${DETAILED_STATUS}</arg>
<doc>Verifies that the element identified by ``locator`` is NOT visible.</doc>
<status status="PASS" start="2024-05-16T14:22:32.707709" elapsed="0.015037"/>
</kw>
<status status="PASS" start="2024-05-16T14:22:32.690847" elapsed="0.031899"/>
</kw>
<kw name="Close Browser" owner="SeleniumLibrary">
<doc>Closes the current browser.</doc>
<status status="PASS" start="2024-05-16T14:22:32.722746" elapsed="2.410989"/>
</kw>
<tag>TC-PCV-005</tag>
<status status="PASS" start="2024-05-16T14:22:28.709145" elapsed="6.424590"/>
</test>
<test id="s1-t11" name="Verify patient signup" line="101">
<kw name="Open LUMCARE url on browser" owner="lumate2Resource">
<kw name="Open Browser" owner="SeleniumLibrary">
<msg time="2024-05-16T14:22:35.133735" level="INFO">Opening browser 'chrome' to base url 'https://qa-lumacare.lumatehealth.com/#/authentication/login'.</msg>
<arg>url=${P_PORTAL_URL}</arg>
<arg>browser=${Browser}</arg>
<doc>Opens a new browser instance to the optional ``url``.</doc>
<status status="PASS" start="2024-05-16T14:22:35.133735" elapsed="2.364925"/>
</kw>
<kw name="Maximize Browser Window" owner="SeleniumLibrary">
<doc>Maximizes current browser window.</doc>
<status status="PASS" start="2024-05-16T14:22:37.498660" elapsed="0.046321"/>
</kw>
<kw name="Wait Until Element Is Visible" owner="SeleniumLibrary">
<arg>${LOGIN_PAGE_P_PORTAL}</arg>
<arg>15s</arg>
<doc>Waits until the element ``locator`` is visible.</doc>
<status status="PASS" start="2024-05-16T14:22:37.544981" elapsed="0.863338"/>
</kw>
<status status="PASS" start="2024-05-16T14:22:35.133735" elapsed="3.274584"/>
</kw>
<kw name="Fill the credentials and login" owner="lumate2Resource">
<kw name="Input Text" owner="SeleniumLibrary">
<msg time="2024-05-16T14:22:38.440515" level="INFO">Typing text 'robert.grigsby' into text field 'xpath://*[@id="ion-input-0"]'.</msg>
<arg>${USERNAME_PATH_P_PORTAL}</arg>
<arg>${USERNAME_P_PORTAL}</arg>
<doc>Types the given ``text`` into the text field identified by ``locator``.</doc>
<status status="PASS" start="2024-05-16T14:22:38.440515" elapsed="0.105246"/>
</kw>
<kw name="Input Password" owner="SeleniumLibrary">
<msg time="2024-05-16T14:22:38.545761" level="INFO">Typing password into text field 'xpath://*[@id="ion-input-1"]'.</msg>
<msg time="2024-05-16T14:22:38.577924" level="INFO">Temporally setting log level to: NONE</msg>
<arg>${PASSWORD_PATH_P_PORTAL}</arg>
<arg>${PASSWORD_P_PORTAL}</arg>
<doc>Types the given password into the text field identified by ``locator``.</doc>
<status status="PASS" start="2024-05-16T14:22:38.545761" elapsed="0.160461"/>
</kw>
<kw name="Click Element" owner="SeleniumLibrary">
<msg time="2024-05-16T14:22:38.706222" level="INFO">Clicking element 'xpath://*[@class="form-check-input"]'.</msg>
<arg>${REMEMBER_ME}</arg>
<doc>Click the element identified by ``locator``.</doc>
<status status="PASS" start="2024-05-16T14:22:38.706222" elapsed="0.075233"/>
</kw>
<kw name="Wait Until Element Is Visible" owner="SeleniumLibrary">
<arg>${LOGIN_BTN}</arg>
<doc>Waits until the element ``locator`` is visible.</doc>
<status status="PASS" start="2024-05-16T14:22:38.781455" elapsed="0.024098"/>
</kw>
<kw name="Click Element" owner="SeleniumLibrary">
<msg time="2024-05-16T14:22:38.808663" level="INFO">Clicking element 'xpath://*[@class="btn-primary font-20 fw-bold b-r-50 he-68 w-100 overflow-hidden md button button-solid ion-activatable ion-focusable hydrated"]'.</msg>
<arg>${LOGIN_BTN}</arg>
<doc>Click the element identified by ``locator``.</doc>
<status status="PASS" start="2024-05-16T14:22:38.805553" elapsed="0.043588"/>
</kw>
<status status="PASS" start="2024-05-16T14:22:38.439569" elapsed="0.409572"/>
</kw>
<kw name="Enter OTP and Submit it" owner="lumate2Resource">
<kw name="Wait for OTP Email" owner="lumate2Resource">
<kw name="Open Mailbox" owner="ImapLibrary2">
<arg>host=${EMAIL_SERVER}</arg>
<arg>user=${EMAIL_USERNAME}</arg>
<arg>password=${EMAIL_PASSWORD}</arg>
<doc>Open IMAP email client session to given ``host`` with given ``user`` and ``password``.</doc>
<status status="PASS" start="2024-05-16T14:22:38.851384" elapsed="1.798960"/>
</kw>
<kw name="Wait For Email" owner="ImapLibrary2">
<msg time="2024-05-16T14:22:51.988869" level="INFO">${email_index} = 2981</msg>
<var>${email_index}</var>
<arg>sender=${SENDER_USERNAME}</arg>
<arg>status=UNSEEN</arg>
<arg>timeout=300</arg>
<doc>Wait for email message to arrived base on any given filter criteria.
Returns email index of the latest email message received.</doc>
<status status="PASS" start="2024-05-16T14:22:40.650344" elapsed="11.338525"/>
</kw>
<kw name="Get Email Body" owner="ImapLibrary2">
<msg time="2024-05-16T14:22:52.479530" level="INFO">${email_body} = &lt;html xmlns="http://www.w3.org/1999/xhtml" xmlns:o="urn:schemas-microsoft-com:office:office" xmlns:v="urn:schemas-microsoft-com:vml" lang="en"&gt;&lt;head&gt;
&lt;meta http-equiv="Content-Type" content="text/htm...</msg>
<var>${email_body}</var>
<arg>${email_index}</arg>
<doc>Returns the decoded email body on multipart email message,
otherwise returns the body text.</doc>
<status status="PASS" start="2024-05-16T14:22:51.988869" elapsed="0.490661"/>
</kw>
<kw name="Get Regexp Matches" owner="String">
<msg time="2024-05-16T14:22:52.481319" level="INFO">${otp} = ['353454', '000000', '353454', '084754', '353454', '353454', '000000', '353454', '353454', '353454', '353454', '353454', '353454', '353454', '353454', '353454', '353454']</msg>
<var>${otp}</var>
<arg>${email_body}</arg>
<arg>\\b\\d{6}\\b</arg>
<doc>Returns a list of all non-overlapping matches in the given string.</doc>
<status status="PASS" start="2024-05-16T14:22:52.479530" elapsed="0.001789"/>
</kw>
<kw name="Delete Email" owner="ImapLibrary2">
<arg>${email_index}</arg>
<doc>Delete email on given ``email_index``.</doc>
<status status="PASS" start="2024-05-16T14:22:52.481319" elapsed="0.851356"/>
</kw>
<kw name="Log" owner="BuiltIn">
<msg time="2024-05-16T14:22:53.332675" level="INFO">OTP received: ['353454', '000000', '353454', '084754', '353454', '353454', '000000', '353454', '353454', '353454', '353454', '353454', '353454', '353454', '353454', '353454', '353454']</msg>
<arg>OTP received: ${otp}</arg>
<doc>Logs the given message with the given level.</doc>
<status status="PASS" start="2024-05-16T14:22:53.332675" elapsed="0.000000"/>
</kw>
<return>
<value>${otp}[3]</value>
<status status="PASS" start="2024-05-16T14:22:53.332675" elapsed="0.000000"/>
</return>
<msg time="2024-05-16T14:22:53.332675" level="INFO">${otp} = 084754</msg>
<var>${otp}</var>
<status status="PASS" start="2024-05-16T14:22:38.850871" elapsed="14.481804"/>
</kw>
<kw name="Copy To Clipboard" owner="CustomKeywords">
<arg>${otp}</arg>
<status status="PASS" start="2024-05-16T14:22:53.332675" elapsed="0.000000"/>
</kw>
<kw name="Wait Until Element Is Enabled" owner="SeleniumLibrary">
<arg>${OTP_P_PORTAL}</arg>
<arg>${TIMEOUT}</arg>
<doc>Waits until the element ``locator`` is enabled.</doc>
<status status="PASS" start="2024-05-16T14:22:53.332675" elapsed="0.049601"/>
</kw>
<kw name="Press Keys" owner="SeleniumLibrary">
<msg time="2024-05-16T14:22:53.383886" level="INFO">Sending key(s) ('CTRL+V',) to xpath://*[@class="ng-otp-input-wrapper wrapper ng-star-inserted"] element.</msg>
<msg time="2024-05-16T14:22:53.680739" level="INFO">Pressing special key CONTROL down.</msg>
<msg time="2024-05-16T14:22:53.680739" level="INFO">Sending key V</msg>
<msg time="2024-05-16T14:22:53.680739" level="INFO">Releasing special key CONTROL.</msg>
<arg>${OTP_P_PORTAL}</arg>
<arg>CTRL+V</arg>
<doc>Simulates the user pressing key(s) to an element or on the active browser.</doc>
<status status="PASS" start="2024-05-16T14:22:53.383371" elapsed="0.329824"/>
</kw>
<kw name="Click Element" owner="SeleniumLibrary">
<msg time="2024-05-16T14:22:53.714294" level="INFO">Clicking element 'xpath://*[@class="btn-primary font-20 fw-bold b-r-50 he-68 w-100 overflow-hidden md button button-solid ion-activatable ion-focusable hydrated"]'.</msg>
<arg>${VALIDATE_OTP}</arg>
<doc>Click the element identified by ``locator``.</doc>
<status status="PASS" start="2024-05-16T14:22:53.714294" elapsed="0.063664"/>
</kw>
<kw name="Wait Until Element Is Visible" owner="SeleniumLibrary">
<arg>${SELECT_DEPENDENT}</arg>
<arg>15s</arg>
<doc>Waits until the element ``locator`` is visible.</doc>
<status status="PASS" start="2024-05-16T14:22:53.777958" elapsed="4.997762"/>
</kw>
<kw name="Run Keyword And Return Status" owner="BuiltIn">
<kw name="Page Should Not Contain" owner="SeleniumLibrary">
<msg time="2024-05-16T14:22:59.436801" level="INFO" html="true">&lt;/td&gt;&lt;/tr&gt;&lt;tr&gt;&lt;td colspan="3"&gt;&lt;a href="selenium-screenshot-38.png"&gt;&lt;img src="selenium-screenshot-38.png" width="800px"&gt;&lt;/a&gt;</msg>
<msg time="2024-05-16T14:22:59.436801" level="FAIL">Page should not have contained text 'Please select any one dependent to proceed further'.</msg>
<arg>Please select any one dependent to proceed further</arg>
<doc>Verifies the current page does not contain ``text``.</doc>
<status status="FAIL" start="2024-05-16T14:22:58.775720" elapsed="0.661081">Page should not have contained text 'Please select any one dependent to proceed further'.</status>
</kw>
<msg time="2024-05-16T14:22:59.436801" level="INFO">${home} = False</msg>
<var>${home}</var>
<arg>Page Should Not Contain</arg>
<arg>Please select any one dependent to proceed further</arg>
<doc>Runs the given keyword with given arguments and returns the status as a Boolean value.</doc>
<status status="PASS" start="2024-05-16T14:22:58.775720" elapsed="0.661081"/>
</kw>
<kw name="Run Keyword If" owner="BuiltIn">
<arg>${home}</arg>
<arg>Enter OTP And Submit It</arg>
<doc>Runs the given keyword with the given arguments, if ``condition`` is true.</doc>
<status status="PASS" start="2024-05-16T14:22:59.436801" elapsed="0.000000"/>
</kw>
<status status="PASS" start="2024-05-16T14:22:38.850182" elapsed="20.586619"/>
</kw>
<kw name="Select Dependent and Skip profile editing" owner="lumate2Resource">
<kw name="Wait Until Element Is Visible" owner="SeleniumLibrary">
<arg>${SELECT_DEPENDENT}</arg>
<arg>15s</arg>
<doc>Waits until the element ``locator`` is visible.</doc>
<status status="PASS" start="2024-05-16T14:22:59.441482" elapsed="0.016110"/>
</kw>
<kw name="Click Element" owner="SeleniumLibrary">
<msg time="2024-05-16T14:22:59.457592" level="INFO">Clicking element 'xpath://*[@class="overflow-y-auto"]'.</msg>
<arg>${SELECT_DEPENDENT}</arg>
<doc>Click the element identified by ``locator``.</doc>
<status status="PASS" start="2024-05-16T14:22:59.457592" elapsed="0.155742"/>
</kw>
<kw name="Wait Until the Update Icon Disappear" owner="lumate2Resource">
<kw name="Wait Until Element Is Not Visible" owner="SeleniumLibrary">
<arg>${UpdateIcon}</arg>
<arg>${TIMEOUT}</arg>
<doc>Waits until the element ``locator`` is not visible.</doc>
<status status="PASS" start="2024-05-16T14:22:59.614119" elapsed="0.020869"/>
</kw>
<status status="PASS" start="2024-05-16T14:22:59.614119" elapsed="0.020869"/>
</kw>
<kw name="Wait Until Element Is Visible" owner="SeleniumLibrary">
<arg>${SKIP}</arg>
<arg>15s</arg>
<doc>Waits until the element ``locator`` is visible.</doc>
<status status="PASS" start="2024-05-16T14:22:59.634988" elapsed="4.574291"/>
</kw>
<kw name="Click Element" owner="SeleniumLibrary">
<msg time="2024-05-16T14:23:04.210341" level="INFO">Clicking element 'xpath://*[@class="font-20 bg-danger text-white lh-26 m-0 text-center fw-bold b-r-50 he-57 w-100 max-wi-680 overflow-hidden he-50 font-16"]'.</msg>
<arg>${SKIP}</arg>
<doc>Click the element identified by ``locator``.</doc>
<status status="PASS" start="2024-05-16T14:23:04.209831" elapsed="0.160436"/>
</kw>
<kw name="Wait Until the Update Icon Disappear" owner="lumate2Resource">
<kw name="Wait Until Element Is Not Visible" owner="SeleniumLibrary">
<arg>${UpdateIcon}</arg>
<arg>${TIMEOUT}</arg>
<doc>Waits until the element ``locator`` is not visible.</doc>
<status status="PASS" start="2024-05-16T14:23:04.371037" elapsed="0.042935"/>
</kw>
<status status="PASS" start="2024-05-16T14:23:04.370267" elapsed="0.043705"/>
</kw>
<status status="PASS" start="2024-05-16T14:22:59.440892" elapsed="4.973080"/>
</kw>
<kw name="Wait Until Element Is Visible" owner="SeleniumLibrary">
<arg>${HOMEPAGE_P_PORTAL}</arg>
<arg>${TIMEOUT}</arg>
<doc>Waits until the element ``locator`` is visible.</doc>
<status status="PASS" start="2024-05-16T14:23:04.413972" elapsed="0.050492"/>
</kw>
<tag>TC-PATIENT-001</tag>
<tag>test:retry(2)</tag>
<status status="PASS" start="2024-05-16T14:22:35.133735" elapsed="29.330729"/>
</test>
<test id="s1-t12" name="Add consent forms" line="109">
<kw name="Wait Until Element Is Visible" owner="SeleniumLibrary">
<arg>${VIEW_CONSENT}</arg>
<arg>${TIMEOUT}</arg>
<doc>Waits until the element ``locator`` is visible.</doc>
<status status="PASS" start="2024-05-16T14:23:04.468474" elapsed="0.022231"/>
</kw>
<kw name="Wait Until the Update Icon Disappear" owner="lumate2Resource">
<kw name="Wait Until Element Is Not Visible" owner="SeleniumLibrary">
<arg>${UpdateIcon}</arg>
<arg>${TIMEOUT}</arg>
<doc>Waits until the element ``locator`` is not visible.</doc>
<status status="PASS" start="2024-05-16T14:23:04.492649" elapsed="8.071901"/>
</kw>
<status status="PASS" start="2024-05-16T14:23:04.491911" elapsed="8.072639"/>
</kw>
<kw name="Click Element" owner="SeleniumLibrary">
<msg time="2024-05-16T14:23:12.564550" level="INFO">Clicking element 'xpath://*[@class="main-container p-a-15"]/div[2]/div/span[2]'.</msg>
<arg>${VIEW_CONSENT}</arg>
<doc>Click the element identified by ``locator``.</doc>
<status status="PASS" start="2024-05-16T14:23:12.564550" elapsed="0.055675"/>
</kw>
<kw name="Wait Until the Update Icon Disappear" owner="lumate2Resource">
<kw name="Wait Until Element Is Not Visible" owner="SeleniumLibrary">
<arg>${UpdateIcon}</arg>
<arg>${TIMEOUT}</arg>
<doc>Waits until the element ``locator`` is not visible.</doc>
<status status="PASS" start="2024-05-16T14:23:12.620225" elapsed="0.008164"/>
</kw>
<status status="PASS" start="2024-05-16T14:23:12.620225" elapsed="0.008164"/>
</kw>
<kw name="Element Should Be Visible" owner="SeleniumLibrary">
<msg time="2024-05-16T14:23:12.652484" level="INFO">Element 'xpath://*[@class="consents-container d-grid p-x-30 p-y-20"]' is displayed.</msg>
<arg>${CONSENTS}</arg>
<doc>Verifies that the element identified by ``locator`` is visible.</doc>
<status status="PASS" start="2024-05-16T14:23:12.628389" elapsed="0.024095"/>
</kw>
<tag>TC-PATIENT-002</tag>
<status status="PASS" start="2024-05-16T14:23:04.464464" elapsed="8.188020"/>
</test>
<test id="s1-t13" name="Bill payment" line="117">
<kw name="Wait Until the Update Icon Disappear" owner="lumate2Resource">
<kw name="Wait Until Element Is Not Visible" owner="SeleniumLibrary">
<arg>${UpdateIcon}</arg>
<arg>${TIMEOUT}</arg>
<doc>Waits until the element ``locator`` is not visible.</doc>
<status status="PASS" start="2024-05-16T14:23:12.652484" elapsed="0.015722"/>
</kw>
<status status="PASS" start="2024-05-16T14:23:12.652484" elapsed="0.015722"/>
</kw>
<kw name="Click Element" owner="SeleniumLibrary">
<msg time="2024-05-16T14:23:12.668206" level="INFO">Clicking element 'xpath://*[@class="he-50 d-flex align-items-center cursor-pointer b-r-20 ng-star-inserted"][1]'.</msg>
<arg>${HOME_SECTION}</arg>
<doc>Click the element identified by ``locator``.</doc>
<status status="PASS" start="2024-05-16T14:23:12.668206" elapsed="0.064669"/>
</kw>
<kw name="Payment Of Clinician1" owner="lumate2Resource">
<kw name="Wait Until Element Is Visible" owner="SeleniumLibrary">
<arg>${BILLING_SECTION}</arg>
<doc>Waits until the element ``locator`` is visible.</doc>
<status status="PASS" start="2024-05-16T14:23:12.735254" elapsed="0.027204"/>
</kw>
<kw name="Wait Until the Update Icon Disappear" owner="lumate2Resource">
<kw name="Wait Until Element Is Not Visible" owner="SeleniumLibrary">
<arg>${UpdateIcon}</arg>
<arg>${TIMEOUT}</arg>
<doc>Waits until the element ``locator`` is not visible.</doc>
<status status="PASS" start="2024-05-16T14:23:12.762458" elapsed="8.414379"/>
</kw>
<status status="PASS" start="2024-05-16T14:23:12.762458" elapsed="8.414379"/>
</kw>
<kw name="Click Element" owner="SeleniumLibrary">
<msg time="2024-05-16T14:23:21.176837" level="INFO">Clicking element 'xpath://*[@class="he-50 d-flex align-items-center cursor-pointer b-r-20 ng-star-inserted"][2]'.</msg>
<arg>${BILLING_SECTION}</arg>
<doc>Click the element identified by ``locator``.</doc>
<status status="PASS" start="2024-05-16T14:23:21.176837" elapsed="0.104575"/>
</kw>
<kw name="Wait Until Element Is Visible" owner="SeleniumLibrary">
<arg>${BILLING_PAGE}</arg>
<arg>${TIMEOUT}</arg>
<doc>Waits until the element ``locator`` is visible.</doc>
<status status="PASS" start="2024-05-16T14:23:21.281412" elapsed="0.023231"/>
</kw>
<kw name="Wait Until the Update Icon Disappear" owner="lumate2Resource">
<kw name="Wait Until Element Is Not Visible" owner="SeleniumLibrary">
<arg>${UpdateIcon}</arg>
<arg>${TIMEOUT}</arg>
<doc>Waits until the element ``locator`` is not visible.</doc>
<status status="PASS" start="2024-05-16T14:23:21.304643" elapsed="3.100418"/>
</kw>
<status status="PASS" start="2024-05-16T14:23:21.304643" elapsed="3.100418"/>
</kw>
<kw name="Click Button" owner="SeleniumLibrary">
<msg time="2024-05-16T14:23:24.405061" level="INFO">Clicking button 'xpath:/html/body/app-root/ion-app/ion-router-outlet/app-main/app-billing/div/mat-tab-group/div/mat-tab-body[1]/div/app-statements/div[3]/app-billing-card[1]/div/div[5]/button[2]'.</msg>
<arg>${PAY1}</arg>
<doc>Clicks the button identified by ``locator``.</doc>
<status status="PASS" start="2024-05-16T14:23:24.405061" elapsed="0.049610"/>
</kw>
<kw name="Wait Until the Update Icon Disappear" owner="lumate2Resource">
<kw name="Wait Until Element Is Not Visible" owner="SeleniumLibrary">
<arg>${UpdateIcon}</arg>
<arg>${TIMEOUT}</arg>
<doc>Waits until the element ``locator`` is not visible.</doc>
<status status="PASS" start="2024-05-16T14:23:24.454671" elapsed="0.008109"/>
</kw>
<status status="PASS" start="2024-05-16T14:23:24.454671" elapsed="0.008109"/>
</kw>
<kw name="Sleep" owner="BuiltIn">
<msg time="2024-05-16T14:23:29.462933" level="INFO">Slept 5 seconds.</msg>
<arg>5s</arg>
<doc>Pauses the test executed for the given time.</doc>
<status status="PASS" start="2024-05-16T14:23:24.462780" elapsed="5.000153"/>
</kw>
<kw name="Click Element" owner="SeleniumLibrary">
<msg time="2024-05-16T14:23:29.462933" level="INFO">Clicking element 'xpath://*[@class="mdc-checkbox__native-control"]'.</msg>
<arg>${ADD_NEW_CARD}</arg>
<doc>Click the element identified by ``locator``.</doc>
<status status="PASS" start="2024-05-16T14:23:29.462933" elapsed="0.170855"/>
</kw>
<kw name="Wait Until the Update Icon Disappear" owner="lumate2Resource">
<kw name="Wait Until Element Is Not Visible" owner="SeleniumLibrary">
<arg>${UpdateIcon}</arg>
<arg>${TIMEOUT}</arg>
<doc>Waits until the element ``locator`` is not visible.</doc>
<status status="PASS" start="2024-05-16T14:23:29.633788" elapsed="0.029642"/>
</kw>
<status status="PASS" start="2024-05-16T14:23:29.633788" elapsed="0.029642"/>
</kw>
<kw name="Input Text" owner="SeleniumLibrary">
<msg time="2024-05-16T14:23:29.664475" level="INFO">Typing text 'parth' into text field 'xpath://*[@id="mat-input-0"]'.</msg>
<arg>${NAME_ON_CARD_PATH}</arg>
<arg>${NAME_ON_CARD}</arg>
<doc>Types the given ``text`` into the text field identified by ``locator``.</doc>
<status status="PASS" start="2024-05-16T14:23:29.663430" elapsed="0.114542"/>
</kw>
<status status="PASS" start="2024-05-16T14:23:12.734134" elapsed="17.043838"/>
</kw>
<kw name="Close Browser" owner="SeleniumLibrary">
<doc>Closes the current browser.</doc>
<status status="PASS" start="2024-05-16T14:23:29.777972" elapsed="2.414638"/>
</kw>
<tag>TC-PATIENT-003</tag>
<status status="PASS" start="2024-05-16T14:23:12.652484" elapsed="19.540126"/>
</test>
<status status="PASS" start="2024-05-16T14:21:21.711585" elapsed="130.481025"/>
</suite>
<statistics>
<total>
<stat pass="13" fail="0" skip="0">All Tests</stat>
</total>
<tag>
<stat pass="1" fail="0" skip="0">TC-APP-001</stat>
<stat pass="1" fail="0" skip="0">TC-APP-002</stat>
<stat pass="1" fail="0" skip="0">TC-APP-003</stat>
<stat pass="1" fail="0" skip="0">TC-PATIENT-001</stat>
<stat pass="1" fail="0" skip="0">TC-PATIENT-002</stat>
<stat pass="1" fail="0" skip="0">TC-PATIENT-003</stat>
<stat pass="1" fail="0" skip="0">TC-PCV-001</stat>
<stat pass="1" fail="0" skip="0">TC-PCV-002</stat>
<stat pass="1" fail="0" skip="0">TC-PCV-003</stat>
<stat pass="1" fail="0" skip="0">TC-PCV-004</stat>
<stat pass="1" fail="0" skip="0">TC-PCV-005</stat>
<stat pass="1" fail="0" skip="0">TC-PMS-001</stat>
<stat pass="1" fail="0" skip="0">TC-PMS-005</stat>
<stat pass="1" fail="0" skip="0">test:retry(2)</stat>
</tag>
<suite>
<stat pass="13" fail="0" skip="0" id="s1" name="lumateTest">lumateTest</stat>
</suite>
</statistics>
<errors>
</errors>
</robot>
